#batteryCapacity:6000;;
#steerLimits:0;;
#kl:0;;
#kl:30;;
#instant:1;;
#battery:1;;
#imu:1;;
#resourceMonitor:1;;
#vcdCalib:350;-43;30;;
#vcdCalib:-100;-43;40;;
#kl:0;;
#kl:30;;
#instant:1;;
#battery:1;;
#imu:1;;
#resourceMonitor:1;;
#steerLimits:0;;
#kl:0;;
#kl:30;;
#instant:1;;
#battery:1;;
#imu:1;;
#resourceMonitor:1;;
#vcdCalib:350;-43;30;;
#kl:0;;
#kl:30;;
#instant:1;;
#battery:1;;
#imu:1;;
#resourceMonitor:1;;
#vcdCalib:350;-43;30;;
#kl:0;;
#kl:30;;
#instant:1;;
#battery:1;;
#imu:1;;
#resourceMonitor:1;;
#brake:0;;
#kl:0;;
#kl:30;;
#instant:1;;
#battery:1;;
#imu:1;;
#resourceMonitor:1;;
#speed:50;;
#speed:100;;
#speed:150;;
#speed:200;;
#brake:0;;
#brake:0;;
#kl:0;;
#kl:15;;
#instant:1;;
#battery:1;;
#imu:1;;
#resourceMonitor:1;;
#kl:0;;
#kl:0;;
